account 
help
help
account balance
help
step
step
add
step
test
add
step
test
step

ss
tt
test
tt
t
test
te te
te te
t t t t
tttt t
t
t
tt
ttt
step
continue


continue
test
tt
account 0x0
account 0x00000000000000
account 0x000000000000000000
account 0x00000000000000000000
account 0x0000000000000000000000
account 0x00000000000000000000000
account 0x0000000000000000000000000
account 0x000000000000000000000000
account 0x00000000000000000000000000
account 0x00000000000000000000000000000
help
test
step

step
step
step
step


print
help
ext
re
t
r
e
w
step
step
step
step
help
print all
print stack
print opcode
step
print opcode
print stack

step
step
print opcode
print stack
step
print stack
print opcode
step
print stack
print opcode
step
print stack
step
print stack
help
